This file contains any messages produced by compilers while
running configure, to aid debugging if configure makes a mistake.

It was created by libffi configure 3.3, which was
generated by GNU Autoconf 2.69.  Invocation command line was

  $ /Users/wen/CS/3-2/iOS/project/Lab-HW/Calculator/vendor/bundler/ruby/2.6.0/gems/ffi-1.12.2/ext/ffi_c/libffi/configure --disable-static --with-pic=yes --disable-dependency-tracking --disable-docs --host=x86_64-apple-darwin

## --------- ##
## Platform. ##
## --------- ##

hostname = wwww.local
uname -m = x86_64
uname -r = 19.0.0
uname -s = Darwin
uname -v = Darwin Kernel Version 19.0.0: Wed Sep 25 21:13:50 PDT 2019; root:xnu-6153.11.26~4/RELEASE_X86_64

/usr/bin/uname -p = i386
/bin/uname -X     = unknown

/bin/arch              = unknown
/usr/bin/arch -k       = unknown
/usr/convex/getsysinfo = unknown
/usr/bin/hostinfo      = Mach kernel version:
	 Darwin Kernel Version 19.0.0: Wed Sep 25 21:13:50 PDT 2019; root:xnu-6153.11.26~4/RELEASE_X86_64
Kernel configured for up to 4 processors.
2 processors are physically available.
4 processors are logically available.
Processor type: x86_64h (Intel x86-64h Haswell)
Processors active: 0 1 2 3
Primary memory available: 16.00 gigabytes
Default processor set: 454 tasks, 1751 threads, 4 processors
Load average: 5.00, Mach factor: 0.75
/bin/machine           = unknown
/usr/bin/oslevel       = unknown
/bin/universe          = unknown

PATH: /Users/wen/opt/anaconda3/condabin
PATH: /Users/wen/Downloads/google-cloud-sdk/bin
PATH: /usr/local/Cellar/pyenv-virtualenv/1.1.3/shims
PATH: /Users/wen/.pyenv/shims
PATH: /Users/wen/.pyenv/bin
PATH: /Library/Frameworks/Python.framework/Versions/3.7/bin
PATH: /usr/local/bin
PATH: /usr/bin
PATH: /bin
PATH: /usr/sbin
PATH: /sbin
PATH: /Library/Apple/usr/bin
PATH: /Library/Apple/bin
PATH: /Applications/VMware Fusion.app/Contents/Public
PATH: /usr/local/go/bin
PATH: /usr/local/share/dotnet
PATH: /opt/X11/bin
PATH: ~/.dotnet/tools
PATH: /Library/Frameworks/Mono.framework/Versions/Current/Commands
PATH: /Applications/Wireshark.app/Contents/MacOS
PATH: /Applications/Xamarin Workbooks.app/Contents/SharedSupport/path-bin
PATH: /usr/local/go/bin


## ----------- ##
## Core tests. ##
## ----------- ##

configure:2704: checking build system type
configure:2718: result: x86_64-apple-darwin19.0.0
configure:2738: checking host system type
configure:2751: result: x86_64-apple-darwin
configure:2771: checking target system type
configure:2784: result: x86_64-apple-darwin
configure:2881: checking for gsed
configure:2912: result: sed
configure:2940: checking for a BSD-compatible install
configure:3008: result: /usr/bin/install -c
configure:3019: checking whether build environment is sane
configure:3074: result: yes
configure:3130: checking for x86_64-apple-darwin-strip
configure:3160: result: no
configure:3170: checking for strip
configure:3186: found /usr/bin/strip
configure:3197: result: strip
configure:3222: checking for a thread-safe mkdir -p
configure:3261: result: /Users/wen/CS/3-2/iOS/project/Lab-HW/Calculator/vendor/bundler/ruby/2.6.0/gems/ffi-1.12.2/ext/ffi_c/libffi/install-sh -c -d
configure:3268: checking for gawk
configure:3298: result: no
configure:3268: checking for mawk
configure:3298: result: no
configure:3268: checking for nawk
configure:3298: result: no
configure:3268: checking for awk
configure:3284: found /usr/bin/awk
configure:3295: result: awk
configure:3306: checking whether make sets $(MAKE)
configure:3328: result: yes
configure:3357: checking whether make supports nested variables
configure:3374: result: yes
configure:3519: checking for x86_64-apple-darwin-gcc
configure:3546: result:  xcrun clang
configure:3815: checking for C compiler version
configure:3824:  xcrun clang --version >&5
Apple clang version 11.0.0 (clang-1100.0.33.17)
Target: x86_64-apple-darwin19.0.0
Thread model: posix
InstalledDir: /Library/Developer/CommandLineTools/usr/bin
configure:3835: $? = 0
configure:3824:  xcrun clang -v >&5
Apple clang version 11.0.0 (clang-1100.0.33.17)
Target: x86_64-apple-darwin19.0.0
Thread model: posix
InstalledDir: /Library/Developer/CommandLineTools/usr/bin
configure:3835: $? = 0
configure:3824:  xcrun clang -V >&5
clang: error: unsupported option '-V -Wno-framework-include-private-from-public'
clang: error: no input files
configure:3835: $? = 1
configure:3824:  xcrun clang -qversion >&5
clang: error: unknown argument '-qversion', did you mean '--version'?
clang: error: no input files
configure:3835: $? = 1
configure:3855: checking whether the C compiler works
configure:3877:  xcrun clang -arch x86_64   -arch x86_64 conftest.c  >&5
configure:3881: $? = 0
configure:3929: result: yes
configure:3932: checking for C compiler default output file name
configure:3934: result: a.out
configure:3940: checking for suffix of executables
configure:3947:  xcrun clang -o conftest -arch x86_64   -arch x86_64 conftest.c  >&5
configure:3951: $? = 0
configure:3973: result: 
configure:3995: checking whether we are cross compiling
configure:4003:  xcrun clang -o conftest -arch x86_64   -arch x86_64 conftest.c  >&5
configure:4007: $? = 0
configure:4014: ./conftest
configure:4018: $? = 0
configure:4033: result: no
configure:4038: checking for suffix of object files
configure:4060:  xcrun clang -c -arch x86_64   conftest.c >&5
configure:4064: $? = 0
configure:4085: result: o
configure:4089: checking whether we are using the GNU C compiler
configure:4108:  xcrun clang -c -arch x86_64   conftest.c >&5
configure:4108: $? = 0
configure:4117: result: yes
configure:4126: checking whether  xcrun clang accepts -g
configure:4146:  xcrun clang -c -g  conftest.c >&5
configure:4146: $? = 0
configure:4187: result: yes
configure:4204: checking for  xcrun clang option to accept ISO C89
configure:4267:  xcrun clang  -c -arch x86_64   conftest.c >&5
configure:4267: $? = 0
configure:4280: result: none needed
configure:4305: checking whether  xcrun clang understands -c and -o together
configure:4327:  xcrun clang -c conftest.c -o conftest2.o
configure:4330: $? = 0
configure:4327:  xcrun clang -c conftest.c -o conftest2.o
configure:4330: $? = 0
configure:4342: result: yes
configure:4362: checking whether make supports the include directive
configure:4377: make -f confmf.GNU && cat confinc.out
this is the am__doit target
configure:4380: $? = 0
configure:4399: result: yes (GNU style)
configure:4424: checking dependency style of  xcrun clang
configure:4535: result: none
configure:4564: checking for x86_64-apple-darwin-g++
configure:4594: result: no
configure:4564: checking for x86_64-apple-darwin-c++
configure:4594: result: no
configure:4564: checking for x86_64-apple-darwin-gpp
configure:4594: result: no
configure:4564: checking for x86_64-apple-darwin-aCC
configure:4594: result: no
configure:4564: checking for x86_64-apple-darwin-CC
configure:4594: result: no
configure:4564: checking for x86_64-apple-darwin-cxx
configure:4594: result: no
configure:4564: checking for x86_64-apple-darwin-cc++
configure:4594: result: no
configure:4564: checking for x86_64-apple-darwin-cl.exe
configure:4594: result: no
configure:4564: checking for x86_64-apple-darwin-FCC
configure:4594: result: no
configure:4564: checking for x86_64-apple-darwin-KCC
configure:4594: result: no
configure:4564: checking for x86_64-apple-darwin-RCC
configure:4594: result: no
configure:4564: checking for x86_64-apple-darwin-xlC_r
configure:4594: result: no
configure:4564: checking for x86_64-apple-darwin-xlC
configure:4594: result: no
configure:4608: checking for g++
configure:4624: found /usr/bin/g++
configure:4635: result: g++
configure:4662: checking for C++ compiler version
configure:4671: g++ --version >&5
Apple clang version 11.0.0 (clang-1100.0.33.17)
Target: x86_64-apple-darwin19.0.0
Thread model: posix
InstalledDir: /Library/Developer/CommandLineTools/usr/bin
Configured with: --prefix=/Library/Developer/CommandLineTools/usr --with-gxx-include-dir=/Library/Developer/CommandLineTools/SDKs/MacOSX.sdk/usr/include/c++/4.2.1
configure:4682: $? = 0
configure:4671: g++ -v >&5
Configured with: --prefix=/Library/Developer/CommandLineTools/usr --with-gxx-include-dir=/Library/Developer/CommandLineTools/SDKs/MacOSX.sdk/usr/include/c++/4.2.1
Apple clang version 11.0.0 (clang-1100.0.33.17)
Target: x86_64-apple-darwin19.0.0
Thread model: posix
InstalledDir: /Library/Developer/CommandLineTools/usr/bin
configure:4682: $? = 0
configure:4671: g++ -V >&5
clang: error: unsupported option '-V -Wno-framework-include-private-from-public'
clang: error: no input files
configure:4682: $? = 1
configure:4671: g++ -qversion >&5

## ---------------- ##
## Cache variables. ##
## ---------------- ##

ac_cv_build=x86_64-apple-darwin19.0.0
ac_cv_c_compiler_gnu=yes
ac_cv_env_CCASFLAGS_set=
ac_cv_env_CCASFLAGS_value=
ac_cv_env_CCAS_set=
ac_cv_env_CCAS_value=
ac_cv_env_CPPFLAGS_set=
ac_cv_env_CPPFLAGS_value=
ac_cv_env_CPP_set=
ac_cv_env_CPP_value=
ac_cv_env_CXXCPP_set=
ac_cv_env_CXXCPP_value=
ac_cv_env_LT_SYS_LIBRARY_PATH_set=
ac_cv_env_LT_SYS_LIBRARY_PATH_value=
ac_cv_env_build_alias_set=
ac_cv_env_build_alias_value=
ac_cv_env_host_alias_set=set
ac_cv_env_host_alias_value=x86_64-apple-darwin
ac_cv_env_target_alias_set=
ac_cv_env_target_alias_value=
ac_cv_host=x86_64-apple-darwin
ac_cv_objext=o
ac_cv_path_ax_enable_builddir_sed=sed
ac_cv_path_install='/usr/bin/install -c'
ac_cv_prog_AWK=awk
ac_cv_prog_CC=' xcrun clang'
ac_cv_prog_ac_ct_CXX=g++
ac_cv_prog_ac_ct_STRIP=strip
ac_cv_prog_cc_c89=
ac_cv_prog_cc_g=yes
ac_cv_prog_make_make_set=yes
ac_cv_target=x86_64-apple-darwin
am_cv_CC_dependencies_compiler_type=none
am_cv_make_support_nested_variables=yes
am_cv_prog_cc_c_o=yes

## ----------------- ##
## Output variables. ##
## ----------------- ##

ACLOCAL='${SHELL} /Users/wen/CS/3-2/iOS/project/Lab-HW/Calculator/vendor/bundler/ruby/2.6.0/gems/ffi-1.12.2/ext/ffi_c/libffi/missing aclocal-1.16'
ALLOCA=''
AMDEPBACKSLASH=''
AMDEP_FALSE=''
AMDEP_TRUE='#'
AMTAR='$${TAR-tar}'
AM_BACKSLASH='\'
AM_DEFAULT_V='$(AM_DEFAULT_VERBOSITY)'
AM_DEFAULT_VERBOSITY='1'
AM_LTLDFLAGS=''
AM_RUNTESTFLAGS=''
AM_V='$(V)'
AR=''
AUTOCONF='${SHELL} /Users/wen/CS/3-2/iOS/project/Lab-HW/Calculator/vendor/bundler/ruby/2.6.0/gems/ffi-1.12.2/ext/ffi_c/libffi/missing autoconf'
AUTOHEADER='${SHELL} /Users/wen/CS/3-2/iOS/project/Lab-HW/Calculator/vendor/bundler/ruby/2.6.0/gems/ffi-1.12.2/ext/ffi_c/libffi/missing autoheader'
AUTOMAKE='${SHELL} /Users/wen/CS/3-2/iOS/project/Lab-HW/Calculator/vendor/bundler/ruby/2.6.0/gems/ffi-1.12.2/ext/ffi_c/libffi/missing automake-1.16'
AWK='awk'
BUILD_DOCS_FALSE=''
BUILD_DOCS_TRUE=''
CC=' xcrun clang'
CCAS=''
CCASDEPMODE=''
CCASFLAGS=''
CCDEPMODE='depmode=none'
CFLAGS='-arch x86_64 '
CPP=''
CPPFLAGS=''
CXX='g++'
CXXCPP=''
CXXDEPMODE=''
CXXFLAGS=''
CYGPATH_W='echo'
DEFS=''
DEPDIR='.deps'
DLLTOOL=''
DSYMUTIL=''
DUMPBIN=''
ECHO_C='\c'
ECHO_N=''
ECHO_T=''
EGREP=''
EXEEXT=''
FFI_DEBUG_FALSE=''
FFI_DEBUG_TRUE=''
FFI_EXEC_TRAMPOLINE_TABLE=''
FFI_EXEC_TRAMPOLINE_TABLE_FALSE=''
FFI_EXEC_TRAMPOLINE_TABLE_TRUE=''
FGREP=''
GREP=''
HAVE_LONG_DOUBLE=''
HAVE_LONG_DOUBLE_VARIANT=''
INSTALL_DATA='${INSTALL} -m 644'
INSTALL_PROGRAM='${INSTALL}'
INSTALL_SCRIPT='${INSTALL}'
INSTALL_STRIP_PROGRAM='$(install_sh) -c -s'
LD=''
LDFLAGS='-arch x86_64'
LIBFFI_BUILD_VERSIONED_SHLIB_FALSE=''
LIBFFI_BUILD_VERSIONED_SHLIB_GNU_FALSE=''
LIBFFI_BUILD_VERSIONED_SHLIB_GNU_TRUE=''
LIBFFI_BUILD_VERSIONED_SHLIB_SUN_FALSE=''
LIBFFI_BUILD_VERSIONED_SHLIB_SUN_TRUE=''
LIBFFI_BUILD_VERSIONED_SHLIB_TRUE=''
LIBOBJS=''
LIBS=''
LIBTOOL=''
LIPO=''
LN_S=''
LTLIBOBJS=''
LT_SYS_LIBRARY_PATH=''
MAINT=''
MAINTAINER_MODE_FALSE=''
MAINTAINER_MODE_TRUE=''
MAKEINFO='${SHELL} /Users/wen/CS/3-2/iOS/project/Lab-HW/Calculator/vendor/bundler/ruby/2.6.0/gems/ffi-1.12.2/ext/ffi_c/libffi/missing makeinfo'
MANIFEST_TOOL=''
MKDIR_P='/Users/wen/CS/3-2/iOS/project/Lab-HW/Calculator/vendor/bundler/ruby/2.6.0/gems/ffi-1.12.2/ext/ffi_c/libffi/install-sh -c -d'
NM=''
NMEDIT=''
OBJDUMP=''
OBJEXT='o'
OPT_LDFLAGS=''
OTOOL64=''
OTOOL=''
PACKAGE='libffi'
PACKAGE_BUGREPORT='http://github.com/libffi/libffi/issues'
PACKAGE_NAME='libffi'
PACKAGE_STRING='libffi 3.3'
PACKAGE_TARNAME='libffi'
PACKAGE_URL=''
PACKAGE_VERSION='3.3'
PATH_SEPARATOR=':'
PRTDIAG=''
RANLIB=''
SECTION_LDFLAGS=''
SED=''
SET_MAKE=''
SHELL='/bin/sh'
STRIP='strip'
TARGET=''
TARGETDIR=''
TARGET_OBJ=''
TESTSUBDIR_FALSE=''
TESTSUBDIR_TRUE=''
VERSION='3.3'
ac_ct_AR=''
ac_ct_CC=''
ac_ct_CXX='g++'
ac_ct_DUMPBIN=''
am__EXEEXT_FALSE=''
am__EXEEXT_TRUE=''
am__fastdepCCAS_FALSE=''
am__fastdepCCAS_TRUE=''
am__fastdepCC_FALSE=''
am__fastdepCC_TRUE='#'
am__fastdepCXX_FALSE=''
am__fastdepCXX_TRUE=''
am__include='include'
am__isrc=' -I$(srcdir)'
am__leading_dot='.'
am__nodep=''
am__quote=''
am__tar='$${TAR-tar} chof - "$$tardir"'
am__untar='$${TAR-tar} xf -'
ax_enable_builddir_sed='sed'
bindir='${exec_prefix}/bin'
build='x86_64-apple-darwin19.0.0'
build_alias=''
build_cpu='x86_64'
build_os='darwin19.0.0'
build_vendor='apple'
datadir='${datarootdir}'
datarootdir='${prefix}/share'
docdir='${datarootdir}/doc/${PACKAGE_TARNAME}'
dvidir='${docdir}'
exec_prefix='NONE'
host='x86_64-apple-darwin'
host_alias='x86_64-apple-darwin'
host_cpu='x86_64'
host_os='darwin'
host_vendor='apple'
htmldir='${docdir}'
includedir='${prefix}/include'
infodir='${datarootdir}/info'
install_sh='${SHELL} /Users/wen/CS/3-2/iOS/project/Lab-HW/Calculator/vendor/bundler/ruby/2.6.0/gems/ffi-1.12.2/ext/ffi_c/libffi/install-sh'
libdir='${exec_prefix}/lib'
libexecdir='${exec_prefix}/libexec'
localedir='${datarootdir}/locale'
localstatedir='${prefix}/var'
mandir='${datarootdir}/man'
mkdir_p='$(MKDIR_P)'
oldincludedir='/usr/include'
pdfdir='${docdir}'
prefix='NONE'
program_transform_name='s,x,x,'
psdir='${docdir}'
runstatedir='${localstatedir}/run'
sbindir='${exec_prefix}/sbin'
sharedstatedir='${prefix}/com'
sys_symbol_underscore=''
sysconfdir='${prefix}/etc'
target='x86_64-apple-darwin'
target_alias='x86_64-apple-darwin'
target_cpu='x86_64'
target_os='darwin'
target_vendor='apple'
toolexecdir=''
toolexeclibdir=''

## ----------- ##
## confdefs.h. ##
## ----------- ##

/* confdefs.h */
#define PACKAGE_NAME "libffi"
#define PACKAGE_TARNAME "libffi"
#define PACKAGE_VERSION "3.3"
#define PACKAGE_STRING "libffi 3.3"
#define PACKAGE_BUGREPORT "http://github.com/libffi/libffi/issues"
#define PACKAGE_URL ""
#define PACKAGE "libffi"
#define VERSION "3.3"

configure: caught signal 2
configure: exit 1
